10344 execve("./client", ["./client"], 0x7ffc63b2bd78 /* 79 vars */) = 0
10344 brk(NULL)                         = 0x60095ef52000
10344 mmap(NULL, 8192, PROT_READ|PROT_WRITE, MAP_PRIVATE|MAP_ANONYMOUS, -1, 0) = 0x719eb997c000
10344 access("/etc/ld.so.preload", R_OK) = -1 ENOENT (Нет такого файла или каталога)
10344 openat(AT_FDCWD, "/etc/ld.so.cache", O_RDONLY|O_CLOEXEC) = 3
10344 fstat(3, {st_mode=S_IFREG|0644, st_size=69395, ...}) = 0
10344 mmap(NULL, 69395, PROT_READ, MAP_PRIVATE, 3, 0) = 0x719eb996b000
10344 close(3)                          = 0
10344 openat(AT_FDCWD, "/lib/x86_64-linux-gnu/libc.so.6", O_RDONLY|O_CLOEXEC) = 3
10344 read(3, "\177ELF\2\1\1\3\0\0\0\0\0\0\0\0\3\0>\0\1\0\0\0\220\243\2\0\0\0\0\0"..., 832) = 832
10344 pread64(3, "\6\0\0\0\4\0\0\0@\0\0\0\0\0\0\0@\0\0\0\0\0\0\0@\0\0\0\0\0\0\0"..., 784, 64) = 784
10344 fstat(3, {st_mode=S_IFREG|0755, st_size=2125328, ...}) = 0
10344 pread64(3, "\6\0\0\0\4\0\0\0@\0\0\0\0\0\0\0@\0\0\0\0\0\0\0@\0\0\0\0\0\0\0"..., 784, 64) = 784
10344 mmap(NULL, 2170256, PROT_READ, MAP_PRIVATE|MAP_DENYWRITE, 3, 0) = 0x719eb9600000
10344 mmap(0x719eb9628000, 1605632, PROT_READ|PROT_EXEC, MAP_PRIVATE|MAP_FIXED|MAP_DENYWRITE, 3, 0x28000) = 0x719eb9628000
10344 mmap(0x719eb97b0000, 323584, PROT_READ, MAP_PRIVATE|MAP_FIXED|MAP_DENYWRITE, 3, 0x1b0000) = 0x719eb97b0000
10344 mmap(0x719eb97ff000, 24576, PROT_READ|PROT_WRITE, MAP_PRIVATE|MAP_FIXED|MAP_DENYWRITE, 3, 0x1fe000) = 0x719eb97ff000
10344 mmap(0x719eb9805000, 52624, PROT_READ|PROT_WRITE, MAP_PRIVATE|MAP_FIXED|MAP_ANONYMOUS, -1, 0) = 0x719eb9805000
10344 close(3)                          = 0
10344 mmap(NULL, 12288, PROT_READ|PROT_WRITE, MAP_PRIVATE|MAP_ANONYMOUS, -1, 0) = 0x719eb9968000
10344 arch_prctl(ARCH_SET_FS, 0x719eb9968740) = 0
10344 set_tid_address(0x719eb9968a10)   = 10344
10344 set_robust_list(0x719eb9968a20, 24) = 0
10344 rseq(0x719eb9969060, 0x20, 0, 0x53053053) = 0
10344 mprotect(0x719eb97ff000, 16384, PROT_READ) = 0
10344 mprotect(0x60093f402000, 4096, PROT_READ) = 0
10344 mprotect(0x719eb99ba000, 8192, PROT_READ) = 0
10344 prlimit64(0, RLIMIT_STACK, NULL, {rlim_cur=8192*1024, rlim_max=RLIM64_INFINITY}) = 0
10344 munmap(0x719eb996b000, 69395)     = 0
10344 readlink("/proc/self/exe", "/home/tim/OS_labs/lab_01/client", 1023) = 31
10344 pipe2([3, 4], 0)                  = 0
10344 pipe2([5, 6], 0)                  = 0
10344 pipe2([7, 8], 0)                  = 0
10344 clone(child_stack=NULL, flags=CLONE_CHILD_CLEARTID|CLONE_CHILD_SETTID|SIGCHLD, child_tidptr=0x719eb9968a10) = 10345
10344 clone(child_stack=NULL, flags=CLONE_CHILD_CLEARTID|CLONE_CHILD_SETTID|SIGCHLD, child_tidptr=0x719eb9968a10) = 10346
10344 close(3 <unfinished ...>
10345 set_robust_list(0x719eb9968a20, 24 <unfinished ...>
10346 set_robust_list(0x719eb9968a20, 24 <unfinished ...>
10344 <... close resumed>)              = 0
10346 <... set_robust_list resumed>)    = 0
10344 close(5)                          = 0
10344 close(6 <unfinished ...>
10346 close(3 <unfinished ...>
10344 <... close resumed>)              = 0
10346 <... close resumed>)              = 0
10344 close(8 <unfinished ...>
10345 <... set_robust_list resumed>)    = 0
10344 <... close resumed>)              = 0
10346 close(4 <unfinished ...>
10344 write(1, "Enter strings (empty line to exi"..., 36 <unfinished ...>
10346 <... close resumed>)              = 0
10344 <... write resumed>)              = 36
10346 close(6 <unfinished ...>
10345 close(4 <unfinished ...>
10344 read(0,  <unfinished ...>
10346 <... close resumed>)              = 0
10345 <... close resumed>)              = 0
10346 close(7 <unfinished ...>
10345 close(5 <unfinished ...>
10346 <... close resumed>)              = 0
10345 <... close resumed>)              = 0
10346 dup2(5, 0 <unfinished ...>
10345 close(7 <unfinished ...>
10346 <... dup2 resumed>)               = 0
10345 <... close resumed>)              = 0
10346 dup2(8, 1 <unfinished ...>
10345 close(8 <unfinished ...>
10346 <... dup2 resumed>)               = 1
10345 <... close resumed>)              = 0
10346 close(5 <unfinished ...>
10345 dup2(3, 0 <unfinished ...>
10346 <... close resumed>)              = 0
10345 <... dup2 resumed>)               = 0
10346 close(8 <unfinished ...>
10345 close(3 <unfinished ...>
10346 <... close resumed>)              = 0
10345 <... close resumed>)              = 0
10346 execve("/home/tim/OS_labs/lab_01/child2", ["child2"], 0x7ffd925cae18 /* 79 vars */ <unfinished ...>
10345 dup2(6, 1)                        = 1
10345 close(6)                          = 0
10345 execve("/home/tim/OS_labs/lab_01/child1", ["child1"], 0x7ffd925cae18 /* 79 vars */) = 0
10346 <... execve resumed>)             = 0
10345 brk(NULL <unfinished ...>
10346 brk(NULL <unfinished ...>
10345 <... brk resumed>)                = 0x60d7553e6000
10346 <... brk resumed>)                = 0x5c6382138000
10346 mmap(NULL, 8192, PROT_READ|PROT_WRITE, MAP_PRIVATE|MAP_ANONYMOUS, -1, 0 <unfinished ...>
10345 mmap(NULL, 8192, PROT_READ|PROT_WRITE, MAP_PRIVATE|MAP_ANONYMOUS, -1, 0 <unfinished ...>
10346 <... mmap resumed>)               = 0x755054a39000
10345 <... mmap resumed>)               = 0x7e2f0d483000
10346 access("/etc/ld.so.preload", R_OK <unfinished ...>
10345 access("/etc/ld.so.preload", R_OK <unfinished ...>
10346 <... access resumed>)             = -1 ENOENT (Нет такого файла или каталога)
10345 <... access resumed>)             = -1 ENOENT (Нет такого файла или каталога)
10346 openat(AT_FDCWD, "/etc/ld.so.cache", O_RDONLY|O_CLOEXEC <unfinished ...>
10345 openat(AT_FDCWD, "/etc/ld.so.cache", O_RDONLY|O_CLOEXEC <unfinished ...>
10346 <... openat resumed>)             = 3
10345 <... openat resumed>)             = 3
10346 fstat(3, {st_mode=S_IFREG|0644, st_size=69395, ...}) = 0
10345 fstat(3,  <unfinished ...>
10346 mmap(NULL, 69395, PROT_READ, MAP_PRIVATE, 3, 0 <unfinished ...>
10345 <... fstat resumed>{st_mode=S_IFREG|0644, st_size=69395, ...}) = 0
10346 <... mmap resumed>)               = 0x755054a28000
10345 mmap(NULL, 69395, PROT_READ, MAP_PRIVATE, 3, 0 <unfinished ...>
10346 close(3)                          = 0
10345 <... mmap resumed>)               = 0x7e2f0d472000
10346 openat(AT_FDCWD, "/lib/x86_64-linux-gnu/libc.so.6", O_RDONLY|O_CLOEXEC <unfinished ...>
10345 close(3 <unfinished ...>
10346 <... openat resumed>)             = 3
10345 <... close resumed>)              = 0
10346 read(3, "\177ELF\2\1\1\3\0\0\0\0\0\0\0\0\3\0>\0\1\0\0\0\220\243\2\0\0\0\0\0"..., 832) = 832
10345 openat(AT_FDCWD, "/lib/x86_64-linux-gnu/libc.so.6", O_RDONLY|O_CLOEXEC <unfinished ...>
10346 pread64(3, "\6\0\0\0\4\0\0\0@\0\0\0\0\0\0\0@\0\0\0\0\0\0\0@\0\0\0\0\0\0\0"..., 784, 64) = 784
10345 <... openat resumed>)             = 3
10346 fstat(3,  <unfinished ...>
10345 read(3,  <unfinished ...>
10346 <... fstat resumed>{st_mode=S_IFREG|0755, st_size=2125328, ...}) = 0
10345 <... read resumed>"\177ELF\2\1\1\3\0\0\0\0\0\0\0\0\3\0>\0\1\0\0\0\220\243\2\0\0\0\0\0"..., 832) = 832
10346 pread64(3, "\6\0\0\0\4\0\0\0@\0\0\0\0\0\0\0@\0\0\0\0\0\0\0@\0\0\0\0\0\0\0"..., 784, 64) = 784
10345 pread64(3,  <unfinished ...>
10346 mmap(NULL, 2170256, PROT_READ, MAP_PRIVATE|MAP_DENYWRITE, 3, 0 <unfinished ...>
10345 <... pread64 resumed>"\6\0\0\0\4\0\0\0@\0\0\0\0\0\0\0@\0\0\0\0\0\0\0@\0\0\0\0\0\0\0"..., 784, 64) = 784
10346 <... mmap resumed>)               = 0x755054800000
10345 fstat(3,  <unfinished ...>
10346 mmap(0x755054828000, 1605632, PROT_READ|PROT_EXEC, MAP_PRIVATE|MAP_FIXED|MAP_DENYWRITE, 3, 0x28000 <unfinished ...>
10345 <... fstat resumed>{st_mode=S_IFREG|0755, st_size=2125328, ...}) = 0
10346 <... mmap resumed>)               = 0x755054828000
10345 pread64(3,  <unfinished ...>
10346 mmap(0x7550549b0000, 323584, PROT_READ, MAP_PRIVATE|MAP_FIXED|MAP_DENYWRITE, 3, 0x1b0000 <unfinished ...>
10345 <... pread64 resumed>"\6\0\0\0\4\0\0\0@\0\0\0\0\0\0\0@\0\0\0\0\0\0\0@\0\0\0\0\0\0\0"..., 784, 64) = 784
10346 <... mmap resumed>)               = 0x7550549b0000
10346 mmap(0x7550549ff000, 24576, PROT_READ|PROT_WRITE, MAP_PRIVATE|MAP_FIXED|MAP_DENYWRITE, 3, 0x1fe000 <unfinished ...>
10345 mmap(NULL, 2170256, PROT_READ, MAP_PRIVATE|MAP_DENYWRITE, 3, 0 <unfinished ...>
10346 <... mmap resumed>)               = 0x7550549ff000
10345 <... mmap resumed>)               = 0x7e2f0d200000
10345 mmap(0x7e2f0d228000, 1605632, PROT_READ|PROT_EXEC, MAP_PRIVATE|MAP_FIXED|MAP_DENYWRITE, 3, 0x28000 <unfinished ...>
10346 mmap(0x755054a05000, 52624, PROT_READ|PROT_WRITE, MAP_PRIVATE|MAP_FIXED|MAP_ANONYMOUS, -1, 0 <unfinished ...>
10345 <... mmap resumed>)               = 0x7e2f0d228000
10346 <... mmap resumed>)               = 0x755054a05000
10345 mmap(0x7e2f0d3b0000, 323584, PROT_READ, MAP_PRIVATE|MAP_FIXED|MAP_DENYWRITE, 3, 0x1b0000 <unfinished ...>
10346 close(3 <unfinished ...>
10345 <... mmap resumed>)               = 0x7e2f0d3b0000
10346 <... close resumed>)              = 0
10345 mmap(0x7e2f0d3ff000, 24576, PROT_READ|PROT_WRITE, MAP_PRIVATE|MAP_FIXED|MAP_DENYWRITE, 3, 0x1fe000 <unfinished ...>
10346 mmap(NULL, 12288, PROT_READ|PROT_WRITE, MAP_PRIVATE|MAP_ANONYMOUS, -1, 0 <unfinished ...>
10345 <... mmap resumed>)               = 0x7e2f0d3ff000
10346 <... mmap resumed>)               = 0x755054a25000
10345 mmap(0x7e2f0d405000, 52624, PROT_READ|PROT_WRITE, MAP_PRIVATE|MAP_FIXED|MAP_ANONYMOUS, -1, 0 <unfinished ...>
10346 arch_prctl(ARCH_SET_FS, 0x755054a25740 <unfinished ...>
10345 <... mmap resumed>)               = 0x7e2f0d405000
10346 <... arch_prctl resumed>)         = 0
10346 set_tid_address(0x755054a25a10)   = 10346
10345 close(3 <unfinished ...>
10346 set_robust_list(0x755054a25a20, 24) = 0
10345 <... close resumed>)              = 0
10346 rseq(0x755054a26060, 0x20, 0, 0x53053053) = 0
10345 mmap(NULL, 12288, PROT_READ|PROT_WRITE, MAP_PRIVATE|MAP_ANONYMOUS, -1, 0) = 0x7e2f0d46f000
10346 mprotect(0x7550549ff000, 16384, PROT_READ <unfinished ...>
10345 arch_prctl(ARCH_SET_FS, 0x7e2f0d46f740 <unfinished ...>
10346 <... mprotect resumed>)           = 0
10345 <... arch_prctl resumed>)         = 0
10346 mprotect(0x5c636868d000, 4096, PROT_READ <unfinished ...>
10345 set_tid_address(0x7e2f0d46fa10 <unfinished ...>
10346 <... mprotect resumed>)           = 0
10345 <... set_tid_address resumed>)    = 10345
10346 mprotect(0x755054a77000, 8192, PROT_READ <unfinished ...>
10345 set_robust_list(0x7e2f0d46fa20, 24 <unfinished ...>
10346 <... mprotect resumed>)           = 0
10345 <... set_robust_list resumed>)    = 0
10346 prlimit64(0, RLIMIT_STACK, NULL,  <unfinished ...>
10345 rseq(0x7e2f0d470060, 0x20, 0, 0x53053053 <unfinished ...>
10346 <... prlimit64 resumed>{rlim_cur=8192*1024, rlim_max=RLIM64_INFINITY}) = 0
10345 <... rseq resumed>)               = 0
10346 munmap(0x755054a28000, 69395)     = 0
10346 getpid()                          = 10346
10346 read(0,  <unfinished ...>
10345 mprotect(0x7e2f0d3ff000, 16384, PROT_READ) = 0
10345 mprotect(0x60d7483bf000, 4096, PROT_READ) = 0
10345 mprotect(0x7e2f0d4c1000, 8192, PROT_READ) = 0
10345 prlimit64(0, RLIMIT_STACK, NULL, {rlim_cur=8192*1024, rlim_max=RLIM64_INFINITY}) = 0
10345 munmap(0x7e2f0d472000, 69395)     = 0
10345 getpid()                          = 10345
10345 read(0,  <unfinished ...>
10344 <... read resumed>"Hello World\n", 4096) = 12
10344 write(4, "Hello World\n", 12)     = 12
10345 <... read resumed>"Hello World\n", 4096) = 12
10344 read(7,  <unfinished ...>
10345 write(1, "HELLO WORLD\n", 12)     = 12
10346 <... read resumed>"HELLO WORLD\n", 4096) = 12
10345 read(0,  <unfinished ...>
10346 write(1, "HELLO_WORLD_", 12 <unfinished ...>
10344 <... read resumed>"HELLO_WORLD_", 4096) = 12
10346 <... write resumed>)              = 12
10344 write(1, "Result: \0", 9 <unfinished ...>
10346 read(0,  <unfinished ...>
10344 <... write resumed>)              = 9
10344 write(1, "HELLO_WORLD_", 12)      = 12
10344 write(1, "\n", 1)                 = 1
10344 read(0, 0x7ffd925c9cd0, 4096)     = ? ERESTARTSYS (To be restarted if SA_RESTART is set)
10346 <... read resumed>0x7ffddbdb21d0, 4096) = ? ERESTARTSYS (To be restarted if SA_RESTART is set)
10345 <... read resumed>0x7ffd8f1f4310, 4096) = ? ERESTARTSYS (To be restarted if SA_RESTART is set)
10344 --- SIGINT {si_signo=SIGINT, si_code=SI_KERNEL} ---
10346 --- SIGINT {si_signo=SIGINT, si_code=SI_KERNEL} ---
10345 --- SIGINT {si_signo=SIGINT, si_code=SI_KERNEL} ---
10344 +++ killed by SIGINT +++
10346 +++ killed by SIGINT +++
10345 +++ killed by SIGINT +++
